Analysis & Synthesis report for OU_bonus
Wed Apr 03 09:35:28 2024
Quartus Prime Version 20.1.1 Build 720 11/11/2020 SJ Lite Edition


---------------------
; Table of Contents ;
---------------------
  1. Legal Notice
  2. Analysis & Synthesis Summary
  3. Analysis & Synthesis Settings
  4. Parallel Compilation
  5. Analysis & Synthesis Source Files Read
  6. Analysis & Synthesis Resource Usage Summary
  7. Analysis & Synthesis Resource Utilization by Entity
  8. General Register Statistics
  9. Multiplexer Restructuring Statistics (Restructuring Performed)
 10. Parameter Settings for User Entity Instance: FiveHzClockOnOff:FiveHzClockOnOff_inst|FiveHzClock:five_hz_clock|divideXn:div10
 11. Parameter Settings for User Entity Instance: FiveHzClockOnOff:FiveHzClockOnOff_inst|FiveHzClock:five_hz_clock|divideXn:div1000L
 12. Parameter Settings for User Entity Instance: FiveHzClockOnOff:FiveHzClockOnOff_inst|FiveHzClock:five_hz_clock|divideXn:div1000H
 13. Parameter Settings for User Entity Instance: FiveHzClockOnOff:FiveHzClockOnOff_inst|OnOffToggle:on_off_toggle
 14. Parameter Settings for User Entity Instance: OU8:OU8_inst|TwoCToSign:TwoCToSign_inst
 15. Port Connectivity Checks: "OU8:OU8_inst|binary2bcd:binary2bcd_inst|add3:m6"
 16. Port Connectivity Checks: "OU8:OU8_inst|binary2bcd:binary2bcd_inst|add3:m1"
 17. Port Connectivity Checks: "OU8:OU8_inst|binary2bcd:binary2bcd_inst"
 18. Port Connectivity Checks: "OU8:OU8_inst|TwoCToSign:TwoCToSign_inst|halfADDER:twosFor[7].halfADDER_inst1"
 19. Port Connectivity Checks: "FiveHzClockOnOff:FiveHzClockOnOff_inst|FiveHzClock:five_hz_clock|divideXn:div1000H"
 20. Port Connectivity Checks: "FiveHzClockOnOff:FiveHzClockOnOff_inst|FiveHzClock:five_hz_clock|divideXn:div1000L"
 21. Port Connectivity Checks: "FiveHzClockOnOff:FiveHzClockOnOff_inst|FiveHzClock:five_hz_clock|divideXn:div10"
 22. Post-Synthesis Netlist Statistics for Top Partition
 23. Elapsed Time Per Partition
 24. Analysis & Synthesis Messages
 25. Analysis & Synthesis Suppressed Messages



----------------
; Legal Notice ;
----------------
Copyright (C) 2020  Intel Corporation. All rights reserved.
Your use of Intel Corporation's design tools, logic functions 
and other software and tools, and any partner logic 
functions, and any output files from any of the foregoing 
(including device programming or simulation files), and any 
associated documentation or information are expressly subject 
to the terms and conditions of the Intel Program License 
Subscription Agreement, the Intel Quartus Prime License Agreement,
the Intel FPGA IP License Agreement, or other applicable license
agreement, including, without limitation, that your use is for
the sole purpose of programming logic devices manufactured by
Intel and sold by Intel or its authorized distributors.  Please
refer to the applicable agreement for further details, at
https://fpgasoftware.intel.com/eula.



+----------------------------------------------------------------------------------+
; Analysis & Synthesis Summary                                                     ;
+------------------------------------+---------------------------------------------+
; Analysis & Synthesis Status        ; Successful - Wed Apr 03 09:35:28 2024       ;
; Quartus Prime Version              ; 20.1.1 Build 720 11/11/2020 SJ Lite Edition ;
; Revision Name                      ; OU_bonus                                    ;
; Top-level Entity Name              ; OU_bonus                                    ;
; Family                             ; MAX 10                                      ;
; Total logic elements               ; 99                                          ;
;     Total combinational functions  ; 99                                          ;
;     Dedicated logic registers      ; 36                                          ;
; Total registers                    ; 36                                          ;
; Total pins                         ; 31                                          ;
; Total virtual pins                 ; 0                                           ;
; Total memory bits                  ; 0                                           ;
; Embedded Multiplier 9-bit elements ; 0                                           ;
; Total PLLs                         ; 0                                           ;
; UFM blocks                         ; 0                                           ;
; ADC blocks                         ; 0                                           ;
+------------------------------------+---------------------------------------------+


+------------------------------------------------------------------------------------------------------------+
; Analysis & Synthesis Settings                                                                              ;
+------------------------------------------------------------------+--------------------+--------------------+
; Option                                                           ; Setting            ; Default Value      ;
+------------------------------------------------------------------+--------------------+--------------------+
; Device                                                           ; 10M50DAF484C7G     ;                    ;
; Top-level entity name                                            ; OU_bonus           ; OU_bonus           ;
; Family name                                                      ; MAX 10             ; Cyclone V          ;
; Use smart compilation                                            ; Off                ; Off                ;
; Enable parallel Assembler and Timing Analyzer during compilation ; On                 ; On                 ;
; Enable compact report table                                      ; Off                ; Off                ;
; Restructure Multiplexers                                         ; Auto               ; Auto               ;
; Create Debugging Nodes for IP Cores                              ; Off                ; Off                ;
; Preserve fewer node names                                        ; On                 ; On                 ;
; Intel FPGA IP Evaluation Mode                                    ; Enable             ; Enable             ;
; Verilog Version                                                  ; Verilog_2001       ; Verilog_2001       ;
; VHDL Version                                                     ; VHDL_1993          ; VHDL_1993          ;
; State Machine Processing                                         ; Auto               ; Auto               ;
; Safe State Machine                                               ; Off                ; Off                ;
; Extract Verilog State Machines                                   ; On                 ; On                 ;
; Extract VHDL State Machines                                      ; On                 ; On                 ;
; Ignore Verilog initial constructs                                ; Off                ; Off                ;
; Iteration limit for constant Verilog loops                       ; 5000               ; 5000               ;
; Iteration limit for non-constant Verilog loops                   ; 250                ; 250                ;
; Add Pass-Through Logic to Inferred RAMs                          ; On                 ; On                 ;
; Infer RAMs from Raw Logic                                        ; On                 ; On                 ;
; Parallel Synthesis                                               ; On                 ; On                 ;
; DSP Block Balancing                                              ; Auto               ; Auto               ;
; NOT Gate Push-Back                                               ; On                 ; On                 ;
; Power-Up Don't Care                                              ; On                 ; On                 ;
; Remove Redundant Logic Cells                                     ; Off                ; Off                ;
; Remove Duplicate Registers                                       ; On                 ; On                 ;
; Ignore CARRY Buffers                                             ; Off                ; Off                ;
; Ignore CASCADE Buffers                                           ; Off                ; Off                ;
; Ignore GLOBAL Buffers                                            ; Off                ; Off                ;
; Ignore ROW GLOBAL Buffers                                        ; Off                ; Off                ;
; Ignore LCELL Buffers                                             ; Off                ; Off                ;
; Ignore SOFT Buffers                                              ; On                 ; On                 ;
; Limit AHDL Integers to 32 Bits                                   ; Off                ; Off                ;
; Optimization Technique                                           ; Balanced           ; Balanced           ;
; Carry Chain Length                                               ; 70                 ; 70                 ;
; Auto Carry Chains                                                ; On                 ; On                 ;
; Auto Open-Drain Pins                                             ; On                 ; On                 ;
; Perform WYSIWYG Primitive Resynthesis                            ; Off                ; Off                ;
; Auto ROM Replacement                                             ; On                 ; On                 ;
; Auto RAM Replacement                                             ; On                 ; On                 ;
; Auto DSP Block Replacement                                       ; On                 ; On                 ;
; Auto Shift Register Replacement                                  ; Auto               ; Auto               ;
; Allow Shift Register Merging across Hierarchies                  ; Auto               ; Auto               ;
; Auto Clock Enable Replacement                                    ; On                 ; On                 ;
; Strict RAM Replacement                                           ; Off                ; Off                ;
; Allow Synchronous Control Signals                                ; On                 ; On                 ;
; Force Use of Synchronous Clear Signals                           ; Off                ; Off                ;
; Auto RAM Block Balancing                                         ; On                 ; On                 ;
; Auto RAM to Logic Cell Conversion                                ; Off                ; Off                ;
; Auto Resource Sharing                                            ; Off                ; Off                ;
; Allow Any RAM Size For Recognition                               ; Off                ; Off                ;
; Allow Any ROM Size For Recognition                               ; Off                ; Off                ;
; Allow Any Shift Register Size For Recognition                    ; Off                ; Off                ;
; Use LogicLock Constraints during Resource Balancing              ; On                 ; On                 ;
; Ignore translate_off and synthesis_off directives                ; Off                ; Off                ;
; Timing-Driven Synthesis                                          ; On                 ; On                 ;
; Report Parameter Settings                                        ; On                 ; On                 ;
; Report Source Assignments                                        ; On                 ; On                 ;
; Report Connectivity Checks                                       ; On                 ; On                 ;
; Ignore Maximum Fan-Out Assignments                               ; Off                ; Off                ;
; Synchronization Register Chain Length                            ; 2                  ; 2                  ;
; Power Optimization During Synthesis                              ; Normal compilation ; Normal compilation ;
; HDL message level                                                ; Level2             ; Level2             ;
; Suppress Register Optimization Related Messages                  ; Off                ; Off                ;
; Number of Removed Registers Reported in Synthesis Report         ; 5000               ; 5000               ;
; Number of Swept Nodes Reported in Synthesis Report               ; 5000               ; 5000               ;
; Number of Inverted Registers Reported in Synthesis Report        ; 100                ; 100                ;
; Clock MUX Protection                                             ; On                 ; On                 ;
; Auto Gated Clock Conversion                                      ; Off                ; Off                ;
; Block Design Naming                                              ; Auto               ; Auto               ;
; SDC constraint protection                                        ; Off                ; Off                ;
; Synthesis Effort                                                 ; Auto               ; Auto               ;
; Shift Register Replacement - Allow Asynchronous Clear Signal     ; On                 ; On                 ;
; Pre-Mapping Resynthesis Optimization                             ; Off                ; Off                ;
; Analysis & Synthesis Message Level                               ; Medium             ; Medium             ;
; Disable Register Merging Across Hierarchies                      ; Auto               ; Auto               ;
; Resource Aware Inference For Block RAM                           ; On                 ; On                 ;
+------------------------------------------------------------------+--------------------+--------------------+


+------------------------------------------+
; Parallel Compilation                     ;
+----------------------------+-------------+
; Processors                 ; Number      ;
+----------------------------+-------------+
; Number detected on machine ; 8           ;
; Maximum allowed            ; 4           ;
;                            ;             ;
; Average used               ; 1.00        ;
; Maximum used               ; 4           ;
;                            ;             ;
; Usage by Processor         ; % Time Used ;
;     Processor 1            ; 100.0%      ;
;     Processors 2-4         ;   0.0%      ;
+----------------------------+-------------+


+----------------------------------------------------------------------------------------------------------------------------------------------------------------------+
; Analysis & Synthesis Source Files Read                                                                                                                               ;
+----------------------------------+-----------------+------------------------------+------------------------------------------------------------------------+---------+
; File Name with User-Entered Path ; Used in Netlist ; File Type                    ; File Name with Absolute Path                                           ; Library ;
+----------------------------------+-----------------+------------------------------+------------------------------------------------------------------------+---------+
; OU_bonus.v                       ; yes             ; User Verilog HDL File        ; D:/MyCSE2441Labs/Term_Project/OU_bonus/OU_bonus.v                      ;         ;
; output_files/OnOffToggle.v       ; yes             ; User Verilog HDL File        ; D:/MyCSE2441Labs/Term_Project/OU_bonus/output_files/OnOffToggle.v      ;         ;
; output_files/FiveHzClockOnOff.v  ; yes             ; User Verilog HDL File        ; D:/MyCSE2441Labs/Term_Project/OU_bonus/output_files/FiveHzClockOnOff.v ;         ;
; ../OU/OU8.v                      ; yes             ; User Verilog HDL File        ; D:/MyCSE2441Labs/Term_Project/OU/OU8.v                                 ;         ;
; divideXn.v                       ; yes             ; User Verilog HDL File        ; D:/MyCSE2441Labs/Term_Project/OU_bonus/divideXn.v                      ;         ;
; FiveHzClock.v                    ; yes             ; User Verilog HDL File        ; D:/MyCSE2441Labs/Term_Project/OU_bonus/FiveHzClock.v                   ;         ;
; Counter8Bit.v                    ; yes             ; User Verilog HDL File        ; D:/MyCSE2441Labs/Term_Project/OU_bonus/Counter8Bit.v                   ;         ;
; twoctosign.v                     ; yes             ; Auto-Found Verilog HDL File  ; d:/mycse2441labs/term_project/ou/twoctosign.v                          ;         ;
; halfadder.v                      ; yes             ; Auto-Found Verilog HDL File  ; d:/mycse2441labs/term_project/ou/halfadder.v                           ;         ;
; binary2bcd.v                     ; yes             ; Auto-Found Verilog HDL File  ; d:/mycse2441labs/term_project/ou/binary2bcd.v                          ;         ;
; add3.v                           ; yes             ; Auto-Found Verilog HDL File  ; d:/mycse2441labs/term_project/ou/add3.v                                ;         ;
; four2seven.v                     ; yes             ; Auto-Found Verilog HDL File  ; d:/mycse2441labs/term_project/ou/four2seven.v                          ;         ;
; displaynegative.v                ; yes             ; Auto-Found Verilog HDL File  ; d:/mycse2441labs/term_project/ou/displaynegative.v                     ;         ;
+----------------------------------+-----------------+------------------------------+------------------------------------------------------------------------+---------+


+-----------------------------------------------------------+
; Analysis & Synthesis Resource Usage Summary               ;
+---------------------------------------------+-------------+
; Resource                                    ; Usage       ;
+---------------------------------------------+-------------+
; Estimated Total logic elements              ; 99          ;
;                                             ;             ;
; Total combinational functions               ; 99          ;
; Logic element usage by number of LUT inputs ;             ;
;     -- 4 input functions                    ; 50          ;
;     -- 3 input functions                    ; 13          ;
;     -- <=2 input functions                  ; 36          ;
;                                             ;             ;
; Logic elements by mode                      ;             ;
;     -- normal mode                          ; 75          ;
;     -- arithmetic mode                      ; 24          ;
;                                             ;             ;
; Total registers                             ; 36          ;
;     -- Dedicated logic registers            ; 36          ;
;     -- I/O registers                        ; 0           ;
;                                             ;             ;
; I/O pins                                    ; 31          ;
;                                             ;             ;
; Embedded Multiplier 9-bit elements          ; 0           ;
;                                             ;             ;
; Maximum fan-out node                        ; reset~input ;
; Maximum fan-out                             ; 35          ;
; Total fan-out                               ; 500         ;
; Average fan-out                             ; 2.54        ;
+---------------------------------------------+-------------+


+---------------------------------------------------------------------------------------------------------------------------------------------------------------------------------------------------------------------------------------------------------------------------------------------------------------------------------------+
; Analysis & Synthesis Resource Utilization by Entity                                                                                                                                                                                                                                                                                   ;
+-------------------------------------------------+---------------------+---------------------------+-------------+------------+--------------+---------+-----------+------+--------------+------------+----------------------------------------------------------------------------------------------+------------------+--------------+
; Compilation Hierarchy Node                      ; Combinational ALUTs ; Dedicated Logic Registers ; Memory Bits ; UFM Blocks ; DSP Elements ; DSP 9x9 ; DSP 18x18 ; Pins ; Virtual Pins ; ADC blocks ; Full Hierarchy Name                                                                          ; Entity Name      ; Library Name ;
+-------------------------------------------------+---------------------+---------------------------+-------------+------------+--------------+---------+-----------+------+--------------+------------+----------------------------------------------------------------------------------------------+------------------+--------------+
; |OU_bonus                                       ; 99 (1)              ; 36 (0)                    ; 0           ; 0          ; 0            ; 0       ; 0         ; 31   ; 0            ; 0          ; |OU_bonus                                                                                    ; OU_bonus         ; work         ;
;    |Counter8Bit:Counter8Bit_inst|               ; 8 (8)               ; 8 (8)                     ; 0           ; 0          ; 0            ; 0       ; 0         ; 0    ; 0            ; 0          ; |OU_bonus|Counter8Bit:Counter8Bit_inst                                                       ; Counter8Bit      ; work         ;
;    |FiveHzClockOnOff:FiveHzClockOnOff_inst|     ; 35 (0)              ; 28 (0)                    ; 0           ; 0          ; 0            ; 0       ; 0         ; 0    ; 0            ; 0          ; |OU_bonus|FiveHzClockOnOff:FiveHzClockOnOff_inst                                             ; FiveHzClockOnOff ; work         ;
;       |FiveHzClock:five_hz_clock|               ; 33 (0)              ; 27 (0)                    ; 0           ; 0          ; 0            ; 0       ; 0         ; 0    ; 0            ; 0          ; |OU_bonus|FiveHzClockOnOff:FiveHzClockOnOff_inst|FiveHzClock:five_hz_clock                   ; FiveHzClock      ; work         ;
;          |divideXn:div1000H|                    ; 14 (14)             ; 11 (11)                   ; 0           ; 0          ; 0            ; 0       ; 0         ; 0    ; 0            ; 0          ; |OU_bonus|FiveHzClockOnOff:FiveHzClockOnOff_inst|FiveHzClock:five_hz_clock|divideXn:div1000H ; divideXn         ; work         ;
;          |divideXn:div1000L|                    ; 14 (14)             ; 11 (11)                   ; 0           ; 0          ; 0            ; 0       ; 0         ; 0    ; 0            ; 0          ; |OU_bonus|FiveHzClockOnOff:FiveHzClockOnOff_inst|FiveHzClock:five_hz_clock|divideXn:div1000L ; divideXn         ; work         ;
;          |divideXn:div10|                       ; 5 (5)               ; 5 (5)                     ; 0           ; 0          ; 0            ; 0       ; 0         ; 0    ; 0            ; 0          ; |OU_bonus|FiveHzClockOnOff:FiveHzClockOnOff_inst|FiveHzClock:five_hz_clock|divideXn:div10    ; divideXn         ; work         ;
;       |OnOffToggle:on_off_toggle|               ; 2 (2)               ; 1 (1)                     ; 0           ; 0          ; 0            ; 0       ; 0         ; 0    ; 0            ; 0          ; |OU_bonus|FiveHzClockOnOff:FiveHzClockOnOff_inst|OnOffToggle:on_off_toggle                   ; OnOffToggle      ; work         ;
;    |OU8:OU8_inst|                               ; 55 (0)              ; 0 (0)                     ; 0           ; 0          ; 0            ; 0       ; 0         ; 0    ; 0            ; 0          ; |OU_bonus|OU8:OU8_inst                                                                       ; OU8              ; work         ;
;       |TwoCToSign:TwoCToSign_inst|              ; 8 (3)               ; 0 (0)                     ; 0           ; 0          ; 0            ; 0       ; 0         ; 0    ; 0            ; 0          ; |OU_bonus|OU8:OU8_inst|TwoCToSign:TwoCToSign_inst                                            ; TwoCToSign       ; work         ;
;          |halfADDER:twosFor[1].halfADDER_inst1| ; 1 (1)               ; 0 (0)                     ; 0           ; 0          ; 0            ; 0       ; 0         ; 0    ; 0            ; 0          ; |OU_bonus|OU8:OU8_inst|TwoCToSign:TwoCToSign_inst|halfADDER:twosFor[1].halfADDER_inst1       ; halfADDER        ; work         ;
;          |halfADDER:twosFor[2].halfADDER_inst1| ; 2 (2)               ; 0 (0)                     ; 0           ; 0          ; 0            ; 0       ; 0         ; 0    ; 0            ; 0          ; |OU_bonus|OU8:OU8_inst|TwoCToSign:TwoCToSign_inst|halfADDER:twosFor[2].halfADDER_inst1       ; halfADDER        ; work         ;
;          |halfADDER:twosFor[3].halfADDER_inst1| ; 2 (2)               ; 0 (0)                     ; 0           ; 0          ; 0            ; 0       ; 0         ; 0    ; 0            ; 0          ; |OU_bonus|OU8:OU8_inst|TwoCToSign:TwoCToSign_inst|halfADDER:twosFor[3].halfADDER_inst1       ; halfADDER        ; work         ;
;       |binary2bcd:binary2bcd_inst|              ; 24 (0)              ; 0 (0)                     ; 0           ; 0          ; 0            ; 0       ; 0         ; 0    ; 0            ; 0          ; |OU_bonus|OU8:OU8_inst|binary2bcd:binary2bcd_inst                                            ; binary2bcd       ; work         ;
;          |add3:m2|                              ; 11 (11)             ; 0 (0)                     ; 0           ; 0          ; 0            ; 0       ; 0         ; 0    ; 0            ; 0          ; |OU_bonus|OU8:OU8_inst|binary2bcd:binary2bcd_inst|add3:m2                                    ; add3             ; work         ;
;          |add3:m3|                              ; 4 (4)               ; 0 (0)                     ; 0           ; 0          ; 0            ; 0       ; 0         ; 0    ; 0            ; 0          ; |OU_bonus|OU8:OU8_inst|binary2bcd:binary2bcd_inst|add3:m3                                    ; add3             ; work         ;
;          |add3:m4|                              ; 4 (4)               ; 0 (0)                     ; 0           ; 0          ; 0            ; 0       ; 0         ; 0    ; 0            ; 0          ; |OU_bonus|OU8:OU8_inst|binary2bcd:binary2bcd_inst|add3:m4                                    ; add3             ; work         ;
;          |add3:m5|                              ; 4 (4)               ; 0 (0)                     ; 0           ; 0          ; 0            ; 0       ; 0         ; 0    ; 0            ; 0          ; |OU_bonus|OU8:OU8_inst|binary2bcd:binary2bcd_inst|add3:m5                                    ; add3             ; work         ;
;          |add3:m7|                              ; 1 (1)               ; 0 (0)                     ; 0           ; 0          ; 0            ; 0       ; 0         ; 0    ; 0            ; 0          ; |OU_bonus|OU8:OU8_inst|binary2bcd:binary2bcd_inst|add3:m7                                    ; add3             ; work         ;
;       |four2seven:ONE|                          ; 7 (7)               ; 0 (0)                     ; 0           ; 0          ; 0            ; 0       ; 0         ; 0    ; 0            ; 0          ; |OU_bonus|OU8:OU8_inst|four2seven:ONE                                                        ; four2seven       ; work         ;
;       |four2seven:TEN|                          ; 16 (16)             ; 0 (0)                     ; 0           ; 0          ; 0            ; 0       ; 0         ; 0    ; 0            ; 0          ; |OU_bonus|OU8:OU8_inst|four2seven:TEN                                                        ; four2seven       ; work         ;
+-------------------------------------------------+---------------------+---------------------------+-------------+------------+--------------+---------+-----------+------+--------------+------------+----------------------------------------------------------------------------------------------+------------------+--------------+
Note: For table entries with two numbers listed, the numbers in parentheses indicate the number of resources of the given type used by the specific entity alone. The numbers listed outside of parentheses indicate the total resources of the given type used by the specific entity and all of its sub-entities in the hierarchy.


+------------------------------------------------------+
; General Register Statistics                          ;
+----------------------------------------------+-------+
; Statistic                                    ; Value ;
+----------------------------------------------+-------+
; Total registers                              ; 36    ;
; Number of registers using Synchronous Clear  ; 0     ;
; Number of registers using Synchronous Load   ; 20    ;
; Number of registers using Asynchronous Clear ; 32    ;
; Number of registers using Asynchronous Load  ; 0     ;
; Number of registers using Clock Enable       ; 3     ;
; Number of registers using Preset             ; 0     ;
+----------------------------------------------+-------+


+---------------------------------------------------------------------------------------------------------------------------------------------------------------------------------------------------------------------+
; Multiplexer Restructuring Statistics (Restructuring Performed)                                                                                                                                                      ;
+--------------------+-----------+---------------+----------------------+------------------------+------------+-------------------------------------------------------------------------------------------------------+
; Multiplexer Inputs ; Bus Width ; Baseline Area ; Area if Restructured ; Saving if Restructured ; Registered ; Example Multiplexer Output                                                                            ;
+--------------------+-----------+---------------+----------------------+------------------------+------------+-------------------------------------------------------------------------------------------------------+
; 3:1                ; 10 bits   ; 20 LEs        ; 20 LEs               ; 0 LEs                  ; Yes        ; |OU_bonus|FiveHzClockOnOff:FiveHzClockOnOff_inst|FiveHzClock:five_hz_clock|divideXn:div1000H|COUNT[9] ;
; 3:1                ; 10 bits   ; 20 LEs        ; 20 LEs               ; 0 LEs                  ; Yes        ; |OU_bonus|FiveHzClockOnOff:FiveHzClockOnOff_inst|FiveHzClock:five_hz_clock|divideXn:div1000L|COUNT[9] ;
; 3:1                ; 4 bits    ; 8 LEs         ; 8 LEs                ; 0 LEs                  ; Yes        ; |OU_bonus|FiveHzClockOnOff:FiveHzClockOnOff_inst|FiveHzClock:five_hz_clock|divideXn:div10|COUNT[3]    ;
+--------------------+-----------+---------------+----------------------+------------------------+------------+-------------------------------------------------------------------------------------------------------+


+------------------------------------------------------------------------------------------------------------------------------+
; Parameter Settings for User Entity Instance: FiveHzClockOnOff:FiveHzClockOnOff_inst|FiveHzClock:five_hz_clock|divideXn:div10 ;
+----------------+-------+-----------------------------------------------------------------------------------------------------+
; Parameter Name ; Value ; Type                                                                                                ;
+----------------+-------+-----------------------------------------------------------------------------------------------------+
; N              ; 10    ; Signed Integer                                                                                      ;
; M              ; 4     ; Signed Integer                                                                                      ;
+----------------+-------+-----------------------------------------------------------------------------------------------------+
Note: In order to hide this table in the UI and the text report file, please set the "Show Parameter Settings in Synthesis Report" option in "Analysis and Synthesis Settings -> More Settings" to "Off".


+---------------------------------------------------------------------------------------------------------------------------------+
; Parameter Settings for User Entity Instance: FiveHzClockOnOff:FiveHzClockOnOff_inst|FiveHzClock:five_hz_clock|divideXn:div1000L ;
+----------------+-------+--------------------------------------------------------------------------------------------------------+
; Parameter Name ; Value ; Type                                                                                                   ;
+----------------+-------+--------------------------------------------------------------------------------------------------------+
; N              ; 1000  ; Signed Integer                                                                                         ;
; M              ; 10    ; Signed Integer                                                                                         ;
+----------------+-------+--------------------------------------------------------------------------------------------------------+
Note: In order to hide this table in the UI and the text report file, please set the "Show Parameter Settings in Synthesis Report" option in "Analysis and Synthesis Settings -> More Settings" to "Off".


+---------------------------------------------------------------------------------------------------------------------------------+
; Parameter Settings for User Entity Instance: FiveHzClockOnOff:FiveHzClockOnOff_inst|FiveHzClock:five_hz_clock|divideXn:div1000H ;
+----------------+-------+--------------------------------------------------------------------------------------------------------+
; Parameter Name ; Value ; Type                                                                                                   ;
+----------------+-------+--------------------------------------------------------------------------------------------------------+
; N              ; 1000  ; Signed Integer                                                                                         ;
; M              ; 10    ; Signed Integer                                                                                         ;
+----------------+-------+--------------------------------------------------------------------------------------------------------+
Note: In order to hide this table in the UI and the text report file, please set the "Show Parameter Settings in Synthesis Report" option in "Analysis and Synthesis Settings -> More Settings" to "Off".


+---------------------------------------------------------------------------------------------------------------+
; Parameter Settings for User Entity Instance: FiveHzClockOnOff:FiveHzClockOnOff_inst|OnOffToggle:on_off_toggle ;
+----------------+-------+--------------------------------------------------------------------------------------+
; Parameter Name ; Value ; Type                                                                                 ;
+----------------+-------+--------------------------------------------------------------------------------------+
; ON             ; 1     ; Unsigned Binary                                                                      ;
; OFF            ; 0     ; Unsigned Binary                                                                      ;
+----------------+-------+--------------------------------------------------------------------------------------+
Note: In order to hide this table in the UI and the text report file, please set the "Show Parameter Settings in Synthesis Report" option in "Analysis and Synthesis Settings -> More Settings" to "Off".


+--------------------------------------------------------------------------------------+
; Parameter Settings for User Entity Instance: OU8:OU8_inst|TwoCToSign:TwoCToSign_inst ;
+----------------+-------+-------------------------------------------------------------+
; Parameter Name ; Value ; Type                                                        ;
+----------------+-------+-------------------------------------------------------------+
; N              ; 8     ; Signed Integer                                              ;
+----------------+-------+-------------------------------------------------------------+
Note: In order to hide this table in the UI and the text report file, please set the "Show Parameter Settings in Synthesis Report" option in "Analysis and Synthesis Settings -> More Settings" to "Off".


+-----------------------------------------------------------------------------+
; Port Connectivity Checks: "OU8:OU8_inst|binary2bcd:binary2bcd_inst|add3:m6" ;
+-------+-------+----------+--------------------------------------------------+
; Port  ; Type  ; Severity ; Details                                          ;
+-------+-------+----------+--------------------------------------------------+
; in[3] ; Input ; Info     ; Stuck at GND                                     ;
+-------+-------+----------+--------------------------------------------------+


+-----------------------------------------------------------------------------+
; Port Connectivity Checks: "OU8:OU8_inst|binary2bcd:binary2bcd_inst|add3:m1" ;
+-------+-------+----------+--------------------------------------------------+
; Port  ; Type  ; Severity ; Details                                          ;
+-------+-------+----------+--------------------------------------------------+
; in[3] ; Input ; Info     ; Stuck at GND                                     ;
+-------+-------+----------+--------------------------------------------------+


+------------------------------------------------------------------------------------------------------------------------------------------------------------------------------------------------------+
; Port Connectivity Checks: "OU8:OU8_inst|binary2bcd:binary2bcd_inst"                                                                                                                                  ;
+----------+--------+----------+-----------------------------------------------------------------------------------------------------------------------------------------------------------------------+
; Port     ; Type   ; Severity ; Details                                                                                                                                                               ;
+----------+--------+----------+-----------------------------------------------------------------------------------------------------------------------------------------------------------------------+
; HUNDREDS ; Output ; Warning  ; Output or bidir port (2 bits) is smaller than the port expression (4 bits) it drives.  The 2 most-significant bit(s) in the port expression will be connected to GND. ;
+----------+--------+----------+-----------------------------------------------------------------------------------------------------------------------------------------------------------------------+


+----------------------------------------------------------------------------------------------------------------+
; Port Connectivity Checks: "OU8:OU8_inst|TwoCToSign:TwoCToSign_inst|halfADDER:twosFor[7].halfADDER_inst1"       ;
+------+--------+----------+-------------------------------------------------------------------------------------+
; Port ; Type   ; Severity ; Details                                                                             ;
+------+--------+----------+-------------------------------------------------------------------------------------+
; cout ; Output ; Info     ; Connected to dangling logic. Logic that only feeds a dangling port will be removed. ;
; a    ; Input  ; Info     ; Stuck at GND                                                                        ;
+------+--------+----------+-------------------------------------------------------------------------------------+


+-------------------------------------------------------------------------------------------------------------------------------------------------------+
; Port Connectivity Checks: "FiveHzClockOnOff:FiveHzClockOnOff_inst|FiveHzClock:five_hz_clock|divideXn:div1000H"                                        ;
+-------+--------+----------+---------------------------------------------------------------------------------------------------------------------------+
; Port  ; Type   ; Severity ; Details                                                                                                                   ;
+-------+--------+----------+---------------------------------------------------------------------------------------------------------------------------+
; COUNT ; Output ; Warning  ; Output or bidir port (10 bits) is wider than the port expression (4 bits) it drives; bit(s) "COUNT[9..4]" have no fanouts ;
; COUNT ; Output ; Info     ; Connected to dangling logic. Logic that only feeds a dangling port will be removed.                                       ;
+-------+--------+----------+---------------------------------------------------------------------------------------------------------------------------+


+-------------------------------------------------------------------------------------------------------------------------------------------------------+
; Port Connectivity Checks: "FiveHzClockOnOff:FiveHzClockOnOff_inst|FiveHzClock:five_hz_clock|divideXn:div1000L"                                        ;
+-------+--------+----------+---------------------------------------------------------------------------------------------------------------------------+
; Port  ; Type   ; Severity ; Details                                                                                                                   ;
+-------+--------+----------+---------------------------------------------------------------------------------------------------------------------------+
; COUNT ; Output ; Warning  ; Output or bidir port (10 bits) is wider than the port expression (4 bits) it drives; bit(s) "COUNT[9..4]" have no fanouts ;
; COUNT ; Output ; Info     ; Connected to dangling logic. Logic that only feeds a dangling port will be removed.                                       ;
+-------+--------+----------+---------------------------------------------------------------------------------------------------------------------------+


+-----------------------------------------------------------------------------------------------------------------+
; Port Connectivity Checks: "FiveHzClockOnOff:FiveHzClockOnOff_inst|FiveHzClock:five_hz_clock|divideXn:div10"     ;
+-------+--------+----------+-------------------------------------------------------------------------------------+
; Port  ; Type   ; Severity ; Details                                                                             ;
+-------+--------+----------+-------------------------------------------------------------------------------------+
; COUNT ; Output ; Info     ; Connected to dangling logic. Logic that only feeds a dangling port will be removed. ;
+-------+--------+----------+-------------------------------------------------------------------------------------+


+-----------------------------------------------------+
; Post-Synthesis Netlist Statistics for Top Partition ;
+-----------------------+-----------------------------+
; Type                  ; Count                       ;
+-----------------------+-----------------------------+
; boundary_port         ; 31                          ;
; cycloneiii_ff         ; 36                          ;
;     CLR               ; 12                          ;
;     CLR SLD           ; 20                          ;
;     ENA               ; 3                           ;
;     plain             ; 1                           ;
; cycloneiii_lcell_comb ; 104                         ;
;     arith             ; 24                          ;
;         2 data inputs ; 23                          ;
;         3 data inputs ; 1                           ;
;     normal            ; 80                          ;
;         0 data inputs ; 2                           ;
;         1 data inputs ; 10                          ;
;         2 data inputs ; 6                           ;
;         3 data inputs ; 12                          ;
;         4 data inputs ; 50                          ;
;                       ;                             ;
; Max LUT depth         ; 11.00                       ;
; Average LUT depth     ; 4.77                        ;
+-----------------------+-----------------------------+


+-------------------------------+
; Elapsed Time Per Partition    ;
+----------------+--------------+
; Partition Name ; Elapsed Time ;
+----------------+--------------+
; Top            ; 00:00:00     ;
+----------------+--------------+


+-------------------------------+
; Analysis & Synthesis Messages ;
+-------------------------------+
Info: *******************************************************************
Info: Running Quartus Prime Analysis & Synthesis
    Info: Version 20.1.1 Build 720 11/11/2020 SJ Lite Edition
    Info: Processing started: Wed Apr 03 09:35:13 2024
Info: Command: quartus_map --read_settings_files=on --write_settings_files=off OU_bonus -c OU_bonus
Warning (18236): Number of processors has not been specified which may cause overloading on shared machines.  Set the global assignment NUM_PARALLEL_PROCESSORS in your QSF to an appropriate value for best performance.
Info (20030): Parallel compilation is enabled and will use 4 of the 4 processors detected
Info (12021): Found 1 design units, including 1 entities, in source file ou_bonus.v
    Info (12023): Found entity 1: OU_bonus File: D:/MyCSE2441Labs/Term_Project/OU_bonus/OU_bonus.v Line: 1
Info (12021): Found 1 design units, including 1 entities, in source file output_files/onofftoggle.v
    Info (12023): Found entity 1: OnOffToggle File: D:/MyCSE2441Labs/Term_Project/OU_bonus/output_files/OnOffToggle.v Line: 1
Info (12021): Found 1 design units, including 1 entities, in source file output_files/fivehzclockonoff.v
    Info (12023): Found entity 1: FiveHzClockOnOff File: D:/MyCSE2441Labs/Term_Project/OU_bonus/output_files/FiveHzClockOnOff.v Line: 1
Info (12021): Found 1 design units, including 1 entities, in source file /mycse2441labs/term_project/ou/ou8.v
    Info (12023): Found entity 1: OU8 File: D:/MyCSE2441Labs/Term_Project/OU/OU8.v Line: 1
Info (12021): Found 1 design units, including 1 entities, in source file dividexn.v
    Info (12023): Found entity 1: divideXn File: D:/MyCSE2441Labs/Term_Project/OU_bonus/divideXn.v Line: 2
Info (12021): Found 1 design units, including 1 entities, in source file fivehzclock.v
    Info (12023): Found entity 1: FiveHzClock File: D:/MyCSE2441Labs/Term_Project/OU_bonus/FiveHzClock.v Line: 1
Info (12021): Found 1 design units, including 1 entities, in source file counter8bit.v
    Info (12023): Found entity 1: Counter8Bit File: D:/MyCSE2441Labs/Term_Project/OU_bonus/Counter8Bit.v Line: 1
Info (12127): Elaborating entity "OU_bonus" for the top level hierarchy
Info (12128): Elaborating entity "FiveHzClockOnOff" for hierarchy "FiveHzClockOnOff:FiveHzClockOnOff_inst" File: D:/MyCSE2441Labs/Term_Project/OU_bonus/OU_bonus.v Line: 16
Info (12128): Elaborating entity "FiveHzClock" for hierarchy "FiveHzClockOnOff:FiveHzClockOnOff_inst|FiveHzClock:five_hz_clock" File: D:/MyCSE2441Labs/Term_Project/OU_bonus/output_files/FiveHzClockOnOff.v Line: 14
Info (12128): Elaborating entity "divideXn" for hierarchy "FiveHzClockOnOff:FiveHzClockOnOff_inst|FiveHzClock:five_hz_clock|divideXn:div10" File: D:/MyCSE2441Labs/Term_Project/OU_bonus/FiveHzClock.v Line: 15
Warning (10230): Verilog HDL assignment warning at divideXn.v(12): truncated value with size 32 to match size of target (4) File: D:/MyCSE2441Labs/Term_Project/OU_bonus/divideXn.v Line: 12
Info (12128): Elaborating entity "divideXn" for hierarchy "FiveHzClockOnOff:FiveHzClockOnOff_inst|FiveHzClock:five_hz_clock|divideXn:div1000L" File: D:/MyCSE2441Labs/Term_Project/OU_bonus/FiveHzClock.v Line: 23
Warning (10230): Verilog HDL assignment warning at divideXn.v(12): truncated value with size 32 to match size of target (10) File: D:/MyCSE2441Labs/Term_Project/OU_bonus/divideXn.v Line: 12
Info (12128): Elaborating entity "OnOffToggle" for hierarchy "FiveHzClockOnOff:FiveHzClockOnOff_inst|OnOffToggle:on_off_toggle" File: D:/MyCSE2441Labs/Term_Project/OU_bonus/output_files/FiveHzClockOnOff.v Line: 21
Info (12128): Elaborating entity "Counter8Bit" for hierarchy "Counter8Bit:Counter8Bit_inst" File: D:/MyCSE2441Labs/Term_Project/OU_bonus/OU_bonus.v Line: 23
Warning (10230): Verilog HDL assignment warning at Counter8Bit.v(10): truncated value with size 32 to match size of target (8) File: D:/MyCSE2441Labs/Term_Project/OU_bonus/Counter8Bit.v Line: 10
Info (12128): Elaborating entity "OU8" for hierarchy "OU8:OU8_inst" File: D:/MyCSE2441Labs/Term_Project/OU_bonus/OU_bonus.v Line: 32
Warning (12125): Using design file /mycse2441labs/term_project/ou/twoctosign.v, which is not specified as a design file for the current project, but contains definitions for 1 design units and 1 entities in project
    Info (12023): Found entity 1: TwoCToSign File: d:/mycse2441labs/term_project/ou/twoctosign.v Line: 2
Info (12128): Elaborating entity "TwoCToSign" for hierarchy "OU8:OU8_inst|TwoCToSign:TwoCToSign_inst" File: D:/MyCSE2441Labs/Term_Project/OU/OU8.v Line: 15
Warning (12125): Using design file /mycse2441labs/term_project/ou/halfadder.v, which is not specified as a design file for the current project, but contains definitions for 1 design units and 1 entities in project
    Info (12023): Found entity 1: halfADDER File: d:/mycse2441labs/term_project/ou/halfadder.v Line: 2
Info (12128): Elaborating entity "halfADDER" for hierarchy "OU8:OU8_inst|TwoCToSign:TwoCToSign_inst|halfADDER:twosFor[0].halfADDER_inst1" File: d:/mycse2441labs/term_project/ou/twoctosign.v Line: 19
Warning (12125): Using design file /mycse2441labs/term_project/ou/binary2bcd.v, which is not specified as a design file for the current project, but contains definitions for 1 design units and 1 entities in project
    Info (12023): Found entity 1: binary2bcd File: d:/mycse2441labs/term_project/ou/binary2bcd.v Line: 1
Info (12128): Elaborating entity "binary2bcd" for hierarchy "OU8:OU8_inst|binary2bcd:binary2bcd_inst" File: D:/MyCSE2441Labs/Term_Project/OU/OU8.v Line: 23
Warning (12125): Using design file /mycse2441labs/term_project/ou/add3.v, which is not specified as a design file for the current project, but contains definitions for 1 design units and 1 entities in project
    Info (12023): Found entity 1: add3 File: d:/mycse2441labs/term_project/ou/add3.v Line: 1
Info (12128): Elaborating entity "add3" for hierarchy "OU8:OU8_inst|binary2bcd:binary2bcd_inst|add3:m1" File: d:/mycse2441labs/term_project/ou/binary2bcd.v Line: 20
Warning (12125): Using design file /mycse2441labs/term_project/ou/four2seven.v, which is not specified as a design file for the current project, but contains definitions for 1 design units and 1 entities in project
    Info (12023): Found entity 1: four2seven File: d:/mycse2441labs/term_project/ou/four2seven.v Line: 2
Info (12128): Elaborating entity "four2seven" for hierarchy "OU8:OU8_inst|four2seven:ONE" File: D:/MyCSE2441Labs/Term_Project/OU/OU8.v Line: 29
Warning (12125): Using design file /mycse2441labs/term_project/ou/displaynegative.v, which is not specified as a design file for the current project, but contains definitions for 1 design units and 1 entities in project
    Info (12023): Found entity 1: displayNegative File: d:/mycse2441labs/term_project/ou/displaynegative.v Line: 2
Info (12128): Elaborating entity "displayNegative" for hierarchy "OU8:OU8_inst|displayNegative:displayNegative_inst" File: D:/MyCSE2441Labs/Term_Project/OU/OU8.v Line: 47
Warning (12011): Net is missing source, defaulting to GND
    Warning (12110): Net "OU8:OU8_inst|hun[3]" is missing source, defaulting to GND File: D:/MyCSE2441Labs/Term_Project/OU/OU8.v Line: 9
    Warning (12110): Net "OU8:OU8_inst|hun[2]" is missing source, defaulting to GND File: D:/MyCSE2441Labs/Term_Project/OU/OU8.v Line: 9
Warning (12241): 3 hierarchies have connectivity warnings - see the Connectivity Checks report folder
Warning (13024): Output pins are stuck at VCC or GND
    Warning (13410): Pin "HEX3[5]" is stuck at VCC File: D:/MyCSE2441Labs/Term_Project/OU_bonus/OU_bonus.v Line: 4
    Warning (13410): Pin "HEX3[4]" is stuck at VCC File: D:/MyCSE2441Labs/Term_Project/OU_bonus/OU_bonus.v Line: 4
    Warning (13410): Pin "HEX3[3]" is stuck at VCC File: D:/MyCSE2441Labs/Term_Project/OU_bonus/OU_bonus.v Line: 4
    Warning (13410): Pin "HEX3[2]" is stuck at VCC File: D:/MyCSE2441Labs/Term_Project/OU_bonus/OU_bonus.v Line: 4
    Warning (13410): Pin "HEX3[1]" is stuck at VCC File: D:/MyCSE2441Labs/Term_Project/OU_bonus/OU_bonus.v Line: 4
    Warning (13410): Pin "HEX3[0]" is stuck at VCC File: D:/MyCSE2441Labs/Term_Project/OU_bonus/OU_bonus.v Line: 4
    Warning (13410): Pin "HEX2[6]" is stuck at VCC File: D:/MyCSE2441Labs/Term_Project/OU_bonus/OU_bonus.v Line: 4
    Warning (13410): Pin "HEX2[2]" is stuck at GND File: D:/MyCSE2441Labs/Term_Project/OU_bonus/OU_bonus.v Line: 4
    Warning (13410): Pin "HEX2[1]" is stuck at GND File: D:/MyCSE2441Labs/Term_Project/OU_bonus/OU_bonus.v Line: 4
Info (286030): Timing-Driven Synthesis is running
Info (144001): Generated suppressed messages file D:/MyCSE2441Labs/Term_Project/OU_bonus/output_files/OU_bonus.map.smsg
Info (16010): Generating hard_block partition "hard_block:auto_generated_inst"
    Info (16011): Adding 0 node(s), including 0 DDIO, 0 PLL, 0 transceiver and 0 LCELL
Info (21057): Implemented 132 device resources after synthesis - the final resource count might be different
    Info (21058): Implemented 3 input pins
    Info (21059): Implemented 28 output pins
    Info (21061): Implemented 101 logic cells
Info: Quartus Prime Analysis & Synthesis was successful. 0 errors, 24 warnings
    Info: Peak virtual memory: 4766 megabytes
    Info: Processing ended: Wed Apr 03 09:35:28 2024
    Info: Elapsed time: 00:00:15
    Info: Total CPU time (on all processors): 00:00:18


+------------------------------------------+
; Analysis & Synthesis Suppressed Messages ;
+------------------------------------------+
The suppressed messages can be found in D:/MyCSE2441Labs/Term_Project/OU_bonus/output_files/OU_bonus.map.smsg.


